<?xml version="1.0" encoding="UTF-8"?>
<!-- Generated by org.testng.reporters.JUnitXMLReporter -->
<testsuite ignored="0" hostname="DESKTOP-U9BEVS1" failures="1" tests="1" name="Test" time="4.373" errors="0" timestamp="2020-05-26T21:26:09 IST">
  <testcase classname="raj.logiii" name="login" time="4.31">
    <failure type="org.openqa.selenium.SessionNotCreatedException" message="session not created
from no such window: window was already closed
  (Session info: chrome=83.0.4103.61)
Build info: version: &amp;apos;3.141.59&amp;apos;, revision: &amp;apos;e82be7d358&amp;apos;, time: &amp;apos;2018-11-14T08:17:03&amp;apos;
System info: host: &amp;apos;DESKTOP-U9BEVS1&amp;apos;, ip: &amp;apos;192.168.43.129&amp;apos;, os.name: &amp;apos;Windows 10&amp;apos;, os.arch: &amp;apos;amd64&amp;apos;, os.version: &amp;apos;10.0&amp;apos;, java.version: &amp;apos;11.0.6&amp;apos;
Driver info: driver.version: ChromeDriver
remote stacktrace: Backtrace:
	Ordinal0 [0x00989563+2725219]
	Ordinal0 [0x00888551+1672529]
	Ordinal0 [0x00770359+525145]
	Ordinal0 [0x0076A551+501073]
	Ordinal0 [0x0076AFF5+503797]
	Ordinal0 [0x00766994+485780]
	Ordinal0 [0x00770FF0+528368]
	Ordinal0 [0x0071D6C9+186057]
	Ordinal0 [0x0071CA3D+182845]
	Ordinal0 [0x0071A94B+174411]
	Ordinal0 [0x00702528+75048]
	Ordinal0 [0x007035A0+79264]
	Ordinal0 [0x00703539+79161]
	Ordinal0 [0x0089D607+1758727]
	GetHandleVerifier [0x00AA6546+1050150]
	GetHandleVerifier [0x00AA6291+1049457]
	GetHandleVerifier [0x00AB10D7+1094071]
	GetHandleVerifier [0x00AA6B46+1051686]
	Ordinal0 [0x00895B06+1727238]
	Ordinal0 [0x0089EB7B+1764219]
	Ordinal0 [0x0089ECE3+1764579]
	Ordinal0 [0x008B4C05+1854469]
	BaseThreadInitThunk [0x75D46359+25]
	RtlGetAppContainerNamedObjectPath [0x77B17C24+228]
	RtlGetAppContainerNamedObjectPath [0x77B17BF4+180]
">
      <![CDATA[org.openqa.selenium.SessionNotCreatedException: session not created
from no such window: window was already closed
  (Session info: chrome=83.0.4103.61)
Build info: version: '3.141.59', revision: 'e82be7d358', time: '2018-11-14T08:17:03'
System info: host: 'DESKTOP-U9BEVS1', ip: '192.168.43.129', os.name: 'Windows 10', os.arch: 'amd64', os.version: '10.0', java.version: '11.0.6'
Driver info: driver.version: ChromeDriver
remote stacktrace: Backtrace:
Ordinal0 [0x00989563+2725219]
Ordinal0 [0x00888551+1672529]
Ordinal0 [0x00770359+525145]
Ordinal0 [0x0076A551+501073]
Ordinal0 [0x0076AFF5+503797]
Ordinal0 [0x00766994+485780]
Ordinal0 [0x00770FF0+528368]
Ordinal0 [0x0071D6C9+186057]
Ordinal0 [0x0071CA3D+182845]
Ordinal0 [0x0071A94B+174411]
Ordinal0 [0x00702528+75048]
Ordinal0 [0x007035A0+79264]
Ordinal0 [0x00703539+79161]
Ordinal0 [0x0089D607+1758727]
GetHandleVerifier [0x00AA6546+1050150]
GetHandleVerifier [0x00AA6291+1049457]
GetHandleVerifier [0x00AB10D7+1094071]
GetHandleVerifier [0x00AA6B46+1051686]
Ordinal0 [0x00895B06+1727238]
Ordinal0 [0x0089EB7B+1764219]
Ordinal0 [0x0089ECE3+1764579]
Ordinal0 [0x008B4C05+1854469]
BaseThreadInitThunk [0x75D46359+25]
RtlGetAppContainerNamedObjectPath [0x77B17C24+228]
RtlGetAppContainerNamedObjectPath [0x77B17BF4+180]

at org.openqa.selenium.remote.W3CHandshakeResponse.lambda$errorHandler$0(W3CHandshakeResponse.java:62)
at org.openqa.selenium.remote.HandshakeResponse.lambda$getResponseFunction$0(HandshakeResponse.java:30)
at org.openqa.selenium.remote.ProtocolHandshake.lambda$createSession$0(ProtocolHandshake.java:126)
at java.base/java.util.stream.ReferencePipeline$3$1.accept(ReferencePipeline.java:195)
at java.base/java.util.Spliterators$ArraySpliterator.tryAdvance(Spliterators.java:958)
at java.base/java.util.stream.ReferencePipeline.forEachWithCancel(ReferencePipeline.java:127)
at java.base/java.util.stream.AbstractPipeline.copyIntoWithCancel(AbstractPipeline.java:502)
at java.base/java.util.stream.AbstractPipeline.copyInto(AbstractPipeline.java:488)
at java.base/java.util.stream.AbstractPipeline.wrapAndCopyInto(AbstractPipeline.java:474)
at java.base/java.util.stream.FindOps$FindOp.evaluateSequential(FindOps.java:150)
at java.base/java.util.stream.AbstractPipeline.evaluate(AbstractPipeline.java:234)
at java.base/java.util.stream.ReferencePipeline.findFirst(ReferencePipeline.java:543)
at org.openqa.selenium.remote.ProtocolHandshake.createSession(ProtocolHandshake.java:128)
at org.openqa.selenium.remote.ProtocolHandshake.createSession(ProtocolHandshake.java:74)
at org.openqa.selenium.remote.HttpCommandExecutor.execute(HttpCommandExecutor.java:136)
at org.openqa.selenium.remote.service.DriverCommandExecutor.execute(DriverCommandExecutor.java:83)
at org.openqa.selenium.remote.RemoteWebDriver.execute(RemoteWebDriver.java:552)
at org.openqa.selenium.remote.RemoteWebDriver.startSession(RemoteWebDriver.java:213)
at org.openqa.selenium.remote.RemoteWebDriver.<init>(RemoteWebDriver.java:131)
at org.openqa.selenium.chrome.ChromeDriver.<init>(ChromeDriver.java:181)
at org.openqa.selenium.chrome.ChromeDriver.<init>(ChromeDriver.java:168)
at org.openqa.selenium.chrome.ChromeDriver.<init>(ChromeDriver.java:123)
at raj.logiii.login(logiii.java:10)
at java.base/java.util.ArrayList.forEach(ArrayList.java:1540)
... Removed 31 stack frames]]>
    </failure>
  </testcase> <!-- login -->
</testsuite> <!-- Test -->
