<?xml version="1.0" encoding="UTF-8"?>
<testng-results ignored="0" total="1" passed="1" failed="0" skipped="0">
  <reporter-output>
  </reporter-output>
  <suite started-at="2020-05-27T11:20:20 IST" name="Suite" finished-at="2020-05-27T11:20:31 IST" duration-ms="10769">
    <groups>
    </groups>
    <test started-at="2020-05-27T11:20:20 IST" name="Test" finished-at="2020-05-27T11:20:31 IST" duration-ms="10769">
      <class name="raj.logiii">
        <test-method signature="login()[pri:0, instance:raj.logiii@1fa121e2]" started-at="2020-05-27T11:20:20 IST" name="login" finished-at="2020-05-27T11:20:31 IST" duration-ms="10723" status="PASS">
          <reporter-output>
          </reporter-output>
        </test-method> <!-- login -->
      </class> <!-- raj.logiii -->
    </test> <!-- Test -->
  </suite> <!-- Suite -->
</testng-results>
